# JRE version: Java(TM) SE Runtime Environment (8.0_281-b09) (build 1.8.0_281-b09)
# Java VM: Java HotSpot(TM) 64-Bit Server VM (25.281-b09 mixed mode windows-amd64 compressed oops)
Heap:
 par new generation   total 77440K, used 44077K [0x00000005ea000000, 0x00000005ef400000, 0x000000065f800000)
  eden space 68864K,  59% used [0x00000005ea000000, 0x00000005ec808458, 0x00000005ee340000)
  from space 8576K,  35% used [0x00000005ee340000, 0x00000005ee643380, 0x00000005eeba0000)
  to   space 8576K,   0% used [0x00000005eeba0000, 0x00000005eeba0000, 0x00000005ef400000)
 concurrent mark-sweep generation total 3810940K, used 3339842K [0x000000065f800000, 0x000000074819f000, 0x00000007c0000000)
 Metaspace       used 273627K, capacity 316256K, committed 316556K, reserved 1306624K
  class space    used 46799K, capacity 58932K, committed 59056K, reserved 1048576K
GC Heap History (10 events):
Event: 2135.055 GC heap before
{Heap before GC invocations=8687 (full 19):
 par new generation   total 77440K, used 72287K [0x00000005ea000000, 0x00000005ef400000, 0x000000065f800000)
  eden space 68864K, 100% used [0x00000005ea000000, 0x00000005ee340000, 0x00000005ee340000)
  from space 8576K,  39% used [0x00000005eeba0000, 0x00000005eeef7ef0, 0x00000005ef400000)
  to   space 8576K,   0% used [0x00000005ee340000, 0x00000005ee340000, 0x00000005eeba0000)
 concurrent mark-sweep generation total 3810940K, used 3338325K [0x000000065f800000, 0x000000074819f000, 0x00000007c0000000)
 Metaspace       used 273627K, capacity 316256K, committed 316556K, reserved 1306624K
  class space    used 46799K, capacity 58932K, committed 59056K, reserved 1048576K
Event: 2135.066 GC heap after
Heap after GC invocations=8688 (full 19):
 par new generation   total 77440K, used 3270K [0x00000005ea000000, 0x00000005ef400000, 0x000000065f800000)
  eden space 68864K,   0% used [0x00000005ea000000, 0x00000005ea000000, 0x00000005ee340000)
  from space 8576K,  38% used [0x00000005ee340000, 0x00000005ee671960, 0x00000005eeba0000)
  to   space 8576K,   0% used [0x00000005eeba0000, 0x00000005eeba0000, 0x00000005ef400000)
 concurrent mark-sweep generation total 3810940K, used 3338951K [0x000000065f800000, 0x000000074819f000, 0x00000007c0000000)
 Metaspace       used 273627K, capacity 316256K, committed 316556K, reserved 1306624K
  class space    used 46799K, capacity 58932K, committed 59056K, reserved 1048576K
}
Event: 2135.111 GC heap before
{Heap before GC invocations=8688 (full 19):
 par new generation   total 77440K, used 74302K [0x00000005ea000000, 0x00000005ef400000, 0x000000065f800000)
  eden space 68864K, 100% used [0x00000005ea000000, 0x00000005ee340000, 0x00000005ee340000)
  from space 8576K,  63% used [0x00000005ee340000, 0x00000005ee88fa08, 0x00000005eeba0000)
  to   space 8576K,   0% used [0x00000005eeba0000, 0x00000005eeba0000, 0x00000005ef400000)
 concurrent mark-sweep generation total 3810940K, used 3338951K [0x000000065f800000, 0x000000074819f000, 0x00000007c0000000)
 Metaspace       used 273627K, capacity 316256K, committed 316556K, reserved 1306624K
  class space    used 46799K, capacity 58932K, committed 59056K, reserved 1048576K
Event: 2135.122 GC heap after
Heap after GC invocations=8689 (full 19):
 par new generation   total 77440K, used 2886K [0x00000005ea000000, 0x00000005ef400000, 0x000000065f800000)
  eden space 68864K,   0% used [0x00000005ea000000, 0x00000005ea000000, 0x00000005ee340000)
  from space 8576K,  33% used [0x00000005eeba0000, 0x00000005eee71920, 0x00000005ef400000)
  to   space 8576K,   0% used [0x00000005ee340000, 0x00000005ee340000, 0x00000005eeba0000)
 concurrent mark-sweep generation total 3810940K, used 3339062K [0x000000065f800000, 0x000000074819f000, 0x00000007c0000000)
 Metaspace       used 273627K, capacity 316256K, committed 316556K, reserved 1306624K
  class space    used 46799K, capacity 58932K, committed 59056K, reserved 1048576K
}
Event: 2135.454 GC heap before
{Heap before GC invocations=8689 (full 19):
 par new generation   total 77440K, used 73654K [0x00000005ea000000, 0x00000005ef400000, 0x000000065f800000)
  eden space 68864K, 100% used [0x00000005ea000000, 0x00000005ee340000, 0x00000005ee340000)
  from space 8576K,  55% used [0x00000005eeba0000, 0x00000005ef04db30, 0x00000005ef400000)
  to   space 8576K,   0% used [0x00000005ee340000, 0x00000005ee340000, 0x00000005eeba0000)
 concurrent mark-sweep generation total 3810940K, used 3339062K [0x000000065f800000, 0x000000074819f000, 0x00000007c0000000)
 Metaspace       used 273627K, capacity 316256K, committed 316556K, reserved 1306624K
  class space    used 46799K, capacity 58932K, committed 59056K, reserved 1048576K
Event: 2135.465 GC heap after
Heap after GC invocations=8690 (full 19):
 par new generation   total 77440K, used 3516K [0x00000005ea000000, 0x00000005ef400000, 0x000000065f800000)
  eden space 68864K,   0% used [0x00000005ea000000, 0x00000005ea000000, 0x00000005ee340000)
  from space 8576K,  41% used [0x00000005ee340000, 0x00000005ee6af178, 0x00000005eeba0000)
  to   space 8576K,   0% used [0x00000005eeba0000, 0x00000005eeba0000, 0x00000005ef400000)
 concurrent mark-sweep generation total 3810940K, used 3339069K [0x000000065f800000, 0x000000074819f000, 0x00000007c0000000)
 Metaspace       used 273627K, capacity 316256K, committed 316556K, reserved 1306624K
  class space    used 46799K, capacity 58932K, committed 59056K, reserved 1048576K
}
Event: 2135.619 GC heap before
{Heap before GC invocations=8690 (full 19):
 par new generation   total 77440K, used 77439K [0x00000005ea000000, 0x00000005ef400000, 0x000000065f800000)
  eden space 68864K, 100% used [0x00000005ea000000, 0x00000005ee340000, 0x00000005ee340000)
  from space 8576K,  99% used [0x00000005ee340000, 0x00000005eeb9fff8, 0x00000005eeba0000)
  to   space 8576K,   0% used [0x00000005eeba0000, 0x00000005eeba0000, 0x00000005ef400000)
 concurrent mark-sweep generation total 3810940K, used 3339458K [0x000000065f800000, 0x000000074819f000, 0x00000007c0000000)
 Metaspace       used 273627K, capacity 316256K, committed 316556K, reserved 1306624K
  class space    used 46799K, capacity 58932K, committed 59056K, reserved 1048576K
Event: 2135.631 GC heap after
Heap after GC invocations=8691 (full 19):
 par new generation   total 77440K, used 3005K [0x00000005ea000000, 0x00000005ef400000, 0x000000065f800000)
  eden space 68864K,   0% used [0x00000005ea000000, 0x00000005ea000000, 0x00000005ee340000)
  from space 8576K,  35% used [0x00000005eeba0000, 0x00000005eee8f5a0, 0x00000005ef400000)
  to   space 8576K,   0% used [0x00000005ee340000, 0x00000005ee340000, 0x00000005eeba0000)
 concurrent mark-sweep generation total 3810940K, used 3339655K [0x000000065f800000, 0x000000074819f000, 0x00000007c0000000)
 Metaspace       used 273627K, capacity 316256K, committed 316556K, reserved 1306624K
  class space    used 46799K, capacity 58932K, committed 59056K, reserved 1048576K
}
Event: 2135.955 GC heap before
{Heap before GC invocations=8691 (full 19):
 par new generation   total 77440K, used 71869K [0x00000005ea000000, 0x00000005ef400000, 0x000000065f800000)
  eden space 68864K, 100% used [0x00000005ea000000, 0x00000005ee340000, 0x00000005ee340000)
  from space 8576K,  35% used [0x00000005eeba0000, 0x00000005eee8f5a0, 0x00000005ef400000)
  to   space 8576K,   0% used [0x00000005ee340000, 0x00000005ee340000, 0x00000005eeba0000)
 concurrent mark-sweep generation total 3810940K, used 3339655K [0x000000065f800000, 0x000000074819f000, 0x00000007c0000000)
 Metaspace       used 273627K, capacity 316256K, committed 316556K, reserved 1306624K
  class space    used 46799K, capacity 58932K, committed 59056K, reserved 1048576K
Event: 2135.966 GC heap after
Heap after GC invocations=8692 (full 19):
 par new generation   total 77440K, used 3084K [0x00000005ea000000, 0x00000005ef400000, 0x000000065f800000)
  eden space 68864K,   0% used [0x00000005ea000000, 0x00000005ea000000, 0x00000005ee340000)
  from space 8576K,  35% used [0x00000005ee340000, 0x00000005ee643380, 0x00000005eeba0000)
  to   space 8576K,   0% used [0x00000005eeba0000, 0x00000005eeba0000, 0x00000005ef400000)
 concurrent mark-sweep generation total 3810940K, used 3339842K [0x000000065f800000, 0x000000074819f000, 0x00000007c0000000)
 Metaspace       used 273627K, capacity 316256K, committed 316556K, reserved 1306624K
  class space    used 46799K, capacity 58932K, committed 59056K, reserved 1048576K
}

